<?xml version="1.0" encoding="UTF-8"?>
<testsuite name="com.bridgelabz.MyLinkedListTest" tests="1" skipped="0" failures="0" errors="0" timestamp="2021-03-26T18:36:25" hostname="LAPTOP-FPFKM2LM" time="0.026">
  <properties/>
  <testcase name="givenThreeNumber_whenAddedToLinkedListShouldNeAddedToTheTop()" classname="com.bridgelabz.MyLinkedListTest" time="0.026"/>
  <system-out><![CDATA[Print statement
My Nodes are: 70->30->56
]]></system-out>
  <system-err><![CDATA[]]></system-err>
</testsuite>
